<?xml version="1.0" encoding="UTF-8"?>
<testng-results ignored="0" total="9" passed="0" failed="0" skipped="9">
  <reporter-output>
  </reporter-output>
  <suite started-at="2025-10-30T12:02:11 IST" name="Suite" finished-at="2025-10-30T12:02:14 IST" duration-ms="2451">
    <groups>
      <group name="sanity">
        <method signature="pharmacy_testcase.verifyTitleAndURLOfTheHomePage()[pri:1, instance:testcases.pharmacy_testcase@1b11ef33]" name="verifyTitleAndURLOfTheHomePage" class="testcases.pharmacy_testcase"/>
        <method signature="pharmacy_testcase.getPharmacyPageUrl()[pri:2, instance:testcases.pharmacy_testcase@1b11ef33]" name="getPharmacyPageUrl" class="testcases.pharmacy_testcase"/>
        <method signature="pharmacy_testcase.verifyAndHighlightPharmacySubModulesTab()[pri:3, instance:testcases.pharmacy_testcase@1b11ef33]" name="verifyAndHighlightPharmacySubModulesTab" class="testcases.pharmacy_testcase"/>
        <method signature="pharmacy_testcase.verifyElementsUnderOrderTab()[pri:4, instance:testcases.pharmacy_testcase@1b11ef33]" name="verifyElementsUnderOrderTab" class="testcases.pharmacy_testcase"/>
        <method signature="pharmacy_testcase.verifyNavigationToAnotherSubModuleAfterOpeningTheOrderSection()[pri:5, instance:testcases.pharmacy_testcase@1b11ef33]" name="verifyNavigationToAnotherSubModuleAfterOpeningTheOrderSection" class="testcases.pharmacy_testcase"/>
        <method signature="pharmacy_testcase.verifyErrorMessageOnPrintingGoodReceiptWithoutDetails()[pri:6, instance:testcases.pharmacy_testcase@1b11ef33]" name="verifyErrorMessageOnPrintingGoodReceiptWithoutDetails" class="testcases.pharmacy_testcase"/>
        <method signature="pharmacy_testcase.addNewGoodReceipt()[pri:7, instance:testcases.pharmacy_testcase@1b11ef33]" name="addNewGoodReceipt" class="testcases.pharmacy_testcase"/>
        <method signature="pharmacy_testcase.verifyAddedGoodReceipt()[pri:8, instance:testcases.pharmacy_testcase@1b11ef33]" name="verifyAddedGoodReceipt" class="testcases.pharmacy_testcase"/>
        <method signature="pharmacy_testcase.verifyDataIsAsPerAppliedDateFilter()[pri:9, instance:testcases.pharmacy_testcase@1b11ef33]" name="verifyDataIsAsPerAppliedDateFilter" class="testcases.pharmacy_testcase"/>
      </group> <!-- sanity -->
    </groups>
    <test started-at="2025-10-30T12:02:11 IST" name="Test" finished-at="2025-10-30T12:02:14 IST" duration-ms="2451">
      <class name="testcases.pharmacy_testcase">
        <test-method is-config="true" signature="initBrowser(java.lang.String,java.lang.String)[pri:0, instance:testcases.pharmacy_testcase@1b11ef33]" started-at="2025-10-30T12:02:11 IST" name="initBrowser" finished-at="2025-10-30T12:02:12 IST" duration-ms="22" status="FAIL">
          <params>
            <param index="0">
              <value>
                <![CDATA[chrome]]>
              </value>
            </param>
            <param index="1">
              <value>
                <![CDATA[dev]]>
              </value>
            </param>
          </params>
          <exception class="java.lang.NullPointerException">
            <message>
              <![CDATA[Cannot invoke "java.util.Map.get(Object)" because "this.configData" is null]]>
            </message>
            <full-stacktrace>
              <![CDATA[java.lang.NullPointerException: Cannot invoke "java.util.Map.get(Object)" because "this.configData" is null
at testcases.pharmacy_testcase.initBrowser(pharmacy_testcase.java:45)
at java.base/jdk.internal.reflect.NativeMethodAccessorImpl.invoke0(Native Method)
at java.base/jdk.internal.reflect.NativeMethodAccessorImpl.invoke(NativeMethodAccessorImpl.java:77)
at java.base/jdk.internal.reflect.DelegatingMethodAccessorImpl.invoke(DelegatingMethodAccessorImpl.java:43)
at java.base/java.lang.reflect.Method.invoke(Method.java:568)
at org.testng.internal.invokers.MethodInvocationHelper.invokeMethod(MethodInvocationHelper.java:139)
at org.testng.internal.invokers.MethodInvocationHelper.invokeMethodConsideringTimeout(MethodInvocationHelper.java:69)
at org.testng.internal.invokers.ConfigInvoker.invokeConfigurationMethod(ConfigInvoker.java:390)
at org.testng.internal.invokers.ConfigInvoker.invokeConfigurations(ConfigInvoker.java:325)
at org.testng.internal.invokers.TestMethodWorker.invokeBeforeClassMethods(TestMethodWorker.java:180)
at org.testng.internal.invokers.TestMethodWorker.run(TestMethodWorker.java:122)
at java.base/java.util.concurrent.ThreadPoolExecutor.runWorker(ThreadPoolExecutor.java:1136)
at java.base/java.util.concurrent.ThreadPoolExecutor$Worker.run(ThreadPoolExecutor.java:635)
at java.base/java.lang.Thread.run(Thread.java:842)
]]>
            </full-stacktrace>
          </exception> <!-- java.lang.NullPointerException -->
          <reporter-output>
          </reporter-output>
        </test-method> <!-- initBrowser -->
        <test-method signature="verifyTitleAndURLOfTheHomePage()[pri:1, instance:testcases.pharmacy_testcase@1b11ef33]" started-at="2025-10-30T12:02:12 IST" name="verifyTitleAndURLOfTheHomePage" description="Verify the title and url of  the current page." finished-at="2025-10-30T12:02:12 IST" duration-ms="1" status="SKIP">
          <exception class="java.lang.NullPointerException">
            <message>
              <![CDATA[Cannot invoke "java.util.Map.get(Object)" because "this.configData" is null]]>
            </message>
            <full-stacktrace>
              <![CDATA[java.lang.NullPointerException: Cannot invoke "java.util.Map.get(Object)" because "this.configData" is null
at testcases.pharmacy_testcase.initBrowser(pharmacy_testcase.java:45)
at java.base/jdk.internal.reflect.NativeMethodAccessorImpl.invoke0(Native Method)
at java.base/jdk.internal.reflect.NativeMethodAccessorImpl.invoke(NativeMethodAccessorImpl.java:77)
at java.base/jdk.internal.reflect.DelegatingMethodAccessorImpl.invoke(DelegatingMethodAccessorImpl.java:43)
at java.base/java.lang.reflect.Method.invoke(Method.java:568)
at org.testng.internal.invokers.MethodInvocationHelper.invokeMethod(MethodInvocationHelper.java:139)
at org.testng.internal.invokers.MethodInvocationHelper.invokeMethodConsideringTimeout(MethodInvocationHelper.java:69)
at org.testng.internal.invokers.ConfigInvoker.invokeConfigurationMethod(ConfigInvoker.java:390)
at org.testng.internal.invokers.ConfigInvoker.invokeConfigurations(ConfigInvoker.java:325)
at org.testng.internal.invokers.TestMethodWorker.invokeBeforeClassMethods(TestMethodWorker.java:180)
at org.testng.internal.invokers.TestMethodWorker.run(TestMethodWorker.java:122)
at java.base/java.util.concurrent.ThreadPoolExecutor.runWorker(ThreadPoolExecutor.java:1136)
at java.base/java.util.concurrent.ThreadPoolExecutor$Worker.run(ThreadPoolExecutor.java:635)
at java.base/java.lang.Thread.run(Thread.java:842)
]]>
            </full-stacktrace>
          </exception> <!-- java.lang.NullPointerException -->
          <reporter-output>
          </reporter-output>
        </test-method> <!-- verifyTitleAndURLOfTheHomePage -->
        <test-method signature="getPharmacyPageUrl()[pri:2, instance:testcases.pharmacy_testcase@1b11ef33]" started-at="2025-10-30T12:02:12 IST" name="getPharmacyPageUrl" description="Precondition: User should be logged in and on the Pharmacy section
1. Login in the healthapp application
2. Scroll down menu till pharmacy
3. Click on the pharmacy" finished-at="2025-10-30T12:02:12 IST" duration-ms="0" status="SKIP">
          <exception class="java.lang.NullPointerException">
            <message>
              <![CDATA[Cannot invoke "java.util.Map.get(Object)" because "this.configData" is null]]>
            </message>
            <full-stacktrace>
              <![CDATA[java.lang.NullPointerException: Cannot invoke "java.util.Map.get(Object)" because "this.configData" is null
at testcases.pharmacy_testcase.initBrowser(pharmacy_testcase.java:45)
at java.base/jdk.internal.reflect.NativeMethodAccessorImpl.invoke0(Native Method)
at java.base/jdk.internal.reflect.NativeMethodAccessorImpl.invoke(NativeMethodAccessorImpl.java:77)
at java.base/jdk.internal.reflect.DelegatingMethodAccessorImpl.invoke(DelegatingMethodAccessorImpl.java:43)
at java.base/java.lang.reflect.Method.invoke(Method.java:568)
at org.testng.internal.invokers.MethodInvocationHelper.invokeMethod(MethodInvocationHelper.java:139)
at org.testng.internal.invokers.MethodInvocationHelper.invokeMethodConsideringTimeout(MethodInvocationHelper.java:69)
at org.testng.internal.invokers.ConfigInvoker.invokeConfigurationMethod(ConfigInvoker.java:390)
at org.testng.internal.invokers.ConfigInvoker.invokeConfigurations(ConfigInvoker.java:325)
at org.testng.internal.invokers.TestMethodWorker.invokeBeforeClassMethods(TestMethodWorker.java:180)
at org.testng.internal.invokers.TestMethodWorker.run(TestMethodWorker.java:122)
at java.base/java.util.concurrent.ThreadPoolExecutor.runWorker(ThreadPoolExecutor.java:1136)
at java.base/java.util.concurrent.ThreadPoolExecutor$Worker.run(ThreadPoolExecutor.java:635)
at java.base/java.lang.Thread.run(Thread.java:842)
]]>
            </full-stacktrace>
          </exception> <!-- java.lang.NullPointerException -->
          <reporter-output>
          </reporter-output>
        </test-method> <!-- getPharmacyPageUrl -->
        <test-method signature="verifyAndHighlightPharmacySubModulesTab()[pri:3, instance:testcases.pharmacy_testcase@1b11ef33]" started-at="2025-10-30T12:02:13 IST" name="verifyAndHighlightPharmacySubModulesTab" description="Precondition: User should be logged in and on the Pharmacy section
1. Click on the Pharmacy Module drop-down arrow
2. Click on Order" finished-at="2025-10-30T12:02:13 IST" duration-ms="0" status="SKIP">
          <exception class="java.lang.NullPointerException">
            <message>
              <![CDATA[Cannot invoke "java.util.Map.get(Object)" because "this.configData" is null]]>
            </message>
            <full-stacktrace>
              <![CDATA[java.lang.NullPointerException: Cannot invoke "java.util.Map.get(Object)" because "this.configData" is null
at testcases.pharmacy_testcase.initBrowser(pharmacy_testcase.java:45)
at java.base/jdk.internal.reflect.NativeMethodAccessorImpl.invoke0(Native Method)
at java.base/jdk.internal.reflect.NativeMethodAccessorImpl.invoke(NativeMethodAccessorImpl.java:77)
at java.base/jdk.internal.reflect.DelegatingMethodAccessorImpl.invoke(DelegatingMethodAccessorImpl.java:43)
at java.base/java.lang.reflect.Method.invoke(Method.java:568)
at org.testng.internal.invokers.MethodInvocationHelper.invokeMethod(MethodInvocationHelper.java:139)
at org.testng.internal.invokers.MethodInvocationHelper.invokeMethodConsideringTimeout(MethodInvocationHelper.java:69)
at org.testng.internal.invokers.ConfigInvoker.invokeConfigurationMethod(ConfigInvoker.java:390)
at org.testng.internal.invokers.ConfigInvoker.invokeConfigurations(ConfigInvoker.java:325)
at org.testng.internal.invokers.TestMethodWorker.invokeBeforeClassMethods(TestMethodWorker.java:180)
at org.testng.internal.invokers.TestMethodWorker.run(TestMethodWorker.java:122)
at java.base/java.util.concurrent.ThreadPoolExecutor.runWorker(ThreadPoolExecutor.java:1136)
at java.base/java.util.concurrent.ThreadPoolExecutor$Worker.run(ThreadPoolExecutor.java:635)
at java.base/java.lang.Thread.run(Thread.java:842)
]]>
            </full-stacktrace>
          </exception> <!-- java.lang.NullPointerException -->
          <reporter-output>
          </reporter-output>
        </test-method> <!-- verifyAndHighlightPharmacySubModulesTab -->
        <test-method signature="verifyElementsUnderOrderTab()[pri:4, instance:testcases.pharmacy_testcase@1b11ef33]" started-at="2025-10-30T12:02:13 IST" name="verifyElementsUnderOrderTab" description="Precondition: User should be logged in and on the Pharmacy section
1. Click on the Pharmacy Module drop-down arrow
2. Click on order
Verify the presence of the order section with all fields" finished-at="2025-10-30T12:02:13 IST" duration-ms="0" status="SKIP">
          <exception class="java.lang.NullPointerException">
            <message>
              <![CDATA[Cannot invoke "java.util.Map.get(Object)" because "this.configData" is null]]>
            </message>
            <full-stacktrace>
              <![CDATA[java.lang.NullPointerException: Cannot invoke "java.util.Map.get(Object)" because "this.configData" is null
at testcases.pharmacy_testcase.initBrowser(pharmacy_testcase.java:45)
at java.base/jdk.internal.reflect.NativeMethodAccessorImpl.invoke0(Native Method)
at java.base/jdk.internal.reflect.NativeMethodAccessorImpl.invoke(NativeMethodAccessorImpl.java:77)
at java.base/jdk.internal.reflect.DelegatingMethodAccessorImpl.invoke(DelegatingMethodAccessorImpl.java:43)
at java.base/java.lang.reflect.Method.invoke(Method.java:568)
at org.testng.internal.invokers.MethodInvocationHelper.invokeMethod(MethodInvocationHelper.java:139)
at org.testng.internal.invokers.MethodInvocationHelper.invokeMethodConsideringTimeout(MethodInvocationHelper.java:69)
at org.testng.internal.invokers.ConfigInvoker.invokeConfigurationMethod(ConfigInvoker.java:390)
at org.testng.internal.invokers.ConfigInvoker.invokeConfigurations(ConfigInvoker.java:325)
at org.testng.internal.invokers.TestMethodWorker.invokeBeforeClassMethods(TestMethodWorker.java:180)
at org.testng.internal.invokers.TestMethodWorker.run(TestMethodWorker.java:122)
at java.base/java.util.concurrent.ThreadPoolExecutor.runWorker(ThreadPoolExecutor.java:1136)
at java.base/java.util.concurrent.ThreadPoolExecutor$Worker.run(ThreadPoolExecutor.java:635)
at java.base/java.lang.Thread.run(Thread.java:842)
]]>
            </full-stacktrace>
          </exception> <!-- java.lang.NullPointerException -->
          <reporter-output>
          </reporter-output>
        </test-method> <!-- verifyElementsUnderOrderTab -->
        <test-method signature="verifyNavigationToAnotherSubModuleAfterOpeningTheOrderSection()[pri:5, instance:testcases.pharmacy_testcase@1b11ef33]" started-at="2025-10-30T12:02:13 IST" name="verifyNavigationToAnotherSubModuleAfterOpeningTheOrderSection" description="Precondition: User should be logged in and on the Pharmacy section
1. Click on the Order
2. Click on the Supplier" finished-at="2025-10-30T12:02:13 IST" duration-ms="0" status="SKIP">
          <exception class="java.lang.NullPointerException">
            <message>
              <![CDATA[Cannot invoke "java.util.Map.get(Object)" because "this.configData" is null]]>
            </message>
            <full-stacktrace>
              <![CDATA[java.lang.NullPointerException: Cannot invoke "java.util.Map.get(Object)" because "this.configData" is null
at testcases.pharmacy_testcase.initBrowser(pharmacy_testcase.java:45)
at java.base/jdk.internal.reflect.NativeMethodAccessorImpl.invoke0(Native Method)
at java.base/jdk.internal.reflect.NativeMethodAccessorImpl.invoke(NativeMethodAccessorImpl.java:77)
at java.base/jdk.internal.reflect.DelegatingMethodAccessorImpl.invoke(DelegatingMethodAccessorImpl.java:43)
at java.base/java.lang.reflect.Method.invoke(Method.java:568)
at org.testng.internal.invokers.MethodInvocationHelper.invokeMethod(MethodInvocationHelper.java:139)
at org.testng.internal.invokers.MethodInvocationHelper.invokeMethodConsideringTimeout(MethodInvocationHelper.java:69)
at org.testng.internal.invokers.ConfigInvoker.invokeConfigurationMethod(ConfigInvoker.java:390)
at org.testng.internal.invokers.ConfigInvoker.invokeConfigurations(ConfigInvoker.java:325)
at org.testng.internal.invokers.TestMethodWorker.invokeBeforeClassMethods(TestMethodWorker.java:180)
at org.testng.internal.invokers.TestMethodWorker.run(TestMethodWorker.java:122)
at java.base/java.util.concurrent.ThreadPoolExecutor.runWorker(ThreadPoolExecutor.java:1136)
at java.base/java.util.concurrent.ThreadPoolExecutor$Worker.run(ThreadPoolExecutor.java:635)
at java.base/java.lang.Thread.run(Thread.java:842)
]]>
            </full-stacktrace>
          </exception> <!-- java.lang.NullPointerException -->
          <reporter-output>
          </reporter-output>
        </test-method> <!-- verifyNavigationToAnotherSubModuleAfterOpeningTheOrderSection -->
        <test-method signature="verifyErrorMessageOnPrintingGoodReceiptWithoutDetails()[pri:6, instance:testcases.pharmacy_testcase@1b11ef33]" started-at="2025-10-30T12:02:13 IST" name="verifyErrorMessageOnPrintingGoodReceiptWithoutDetails" description="Verify that the user is logged in and is on the Pharmacy section.
If the user is on the Pharmacy section, 
then click on the &quot;New Good Receipt&quot; button and 
scroll to the bottom of the screen and 
click on the &quot;Print Receipt&quot; button." finished-at="2025-10-30T12:02:13 IST" duration-ms="0" status="SKIP">
          <exception class="java.lang.NullPointerException">
            <message>
              <![CDATA[Cannot invoke "java.util.Map.get(Object)" because "this.configData" is null]]>
            </message>
            <full-stacktrace>
              <![CDATA[java.lang.NullPointerException: Cannot invoke "java.util.Map.get(Object)" because "this.configData" is null
at testcases.pharmacy_testcase.initBrowser(pharmacy_testcase.java:45)
at java.base/jdk.internal.reflect.NativeMethodAccessorImpl.invoke0(Native Method)
at java.base/jdk.internal.reflect.NativeMethodAccessorImpl.invoke(NativeMethodAccessorImpl.java:77)
at java.base/jdk.internal.reflect.DelegatingMethodAccessorImpl.invoke(DelegatingMethodAccessorImpl.java:43)
at java.base/java.lang.reflect.Method.invoke(Method.java:568)
at org.testng.internal.invokers.MethodInvocationHelper.invokeMethod(MethodInvocationHelper.java:139)
at org.testng.internal.invokers.MethodInvocationHelper.invokeMethodConsideringTimeout(MethodInvocationHelper.java:69)
at org.testng.internal.invokers.ConfigInvoker.invokeConfigurationMethod(ConfigInvoker.java:390)
at org.testng.internal.invokers.ConfigInvoker.invokeConfigurations(ConfigInvoker.java:325)
at org.testng.internal.invokers.TestMethodWorker.invokeBeforeClassMethods(TestMethodWorker.java:180)
at org.testng.internal.invokers.TestMethodWorker.run(TestMethodWorker.java:122)
at java.base/java.util.concurrent.ThreadPoolExecutor.runWorker(ThreadPoolExecutor.java:1136)
at java.base/java.util.concurrent.ThreadPoolExecutor$Worker.run(ThreadPoolExecutor.java:635)
at java.base/java.lang.Thread.run(Thread.java:842)
]]>
            </full-stacktrace>
          </exception> <!-- java.lang.NullPointerException -->
          <reporter-output>
          </reporter-output>
        </test-method> <!-- verifyErrorMessageOnPrintingGoodReceiptWithoutDetails -->
        <test-method signature="addNewGoodReceipt()[pri:7, instance:testcases.pharmacy_testcase@1b11ef33]" started-at="2025-10-30T12:02:13 IST" name="addNewGoodReceipt" description="Precondition: User should be logged in and on the Pharmacy section
1. Click on the new Good Receipt button
User should be able to click on the new Good Receipt button
User should be able to add a new receipt after filling all mandatory fields" finished-at="2025-10-30T12:02:13 IST" duration-ms="1" status="SKIP">
          <exception class="java.lang.NullPointerException">
            <message>
              <![CDATA[Cannot invoke "java.util.Map.get(Object)" because "this.configData" is null]]>
            </message>
            <full-stacktrace>
              <![CDATA[java.lang.NullPointerException: Cannot invoke "java.util.Map.get(Object)" because "this.configData" is null
at testcases.pharmacy_testcase.initBrowser(pharmacy_testcase.java:45)
at java.base/jdk.internal.reflect.NativeMethodAccessorImpl.invoke0(Native Method)
at java.base/jdk.internal.reflect.NativeMethodAccessorImpl.invoke(NativeMethodAccessorImpl.java:77)
at java.base/jdk.internal.reflect.DelegatingMethodAccessorImpl.invoke(DelegatingMethodAccessorImpl.java:43)
at java.base/java.lang.reflect.Method.invoke(Method.java:568)
at org.testng.internal.invokers.MethodInvocationHelper.invokeMethod(MethodInvocationHelper.java:139)
at org.testng.internal.invokers.MethodInvocationHelper.invokeMethodConsideringTimeout(MethodInvocationHelper.java:69)
at org.testng.internal.invokers.ConfigInvoker.invokeConfigurationMethod(ConfigInvoker.java:390)
at org.testng.internal.invokers.ConfigInvoker.invokeConfigurations(ConfigInvoker.java:325)
at org.testng.internal.invokers.TestMethodWorker.invokeBeforeClassMethods(TestMethodWorker.java:180)
at org.testng.internal.invokers.TestMethodWorker.run(TestMethodWorker.java:122)
at java.base/java.util.concurrent.ThreadPoolExecutor.runWorker(ThreadPoolExecutor.java:1136)
at java.base/java.util.concurrent.ThreadPoolExecutor$Worker.run(ThreadPoolExecutor.java:635)
at java.base/java.lang.Thread.run(Thread.java:842)
]]>
            </full-stacktrace>
          </exception> <!-- java.lang.NullPointerException -->
          <reporter-output>
          </reporter-output>
        </test-method> <!-- addNewGoodReceipt -->
        <test-method signature="verifyAddedGoodReceipt()[pri:8, instance:testcases.pharmacy_testcase@1b11ef33]" started-at="2025-10-30T12:02:14 IST" name="verifyAddedGoodReceipt" description="Verify that the user can view the added receipt.
If the receipt is added, 
then click on the &quot;View&quot; button." finished-at="2025-10-30T12:02:14 IST" duration-ms="0" status="SKIP">
          <exception class="java.lang.NullPointerException">
            <message>
              <![CDATA[Cannot invoke "java.util.Map.get(Object)" because "this.configData" is null]]>
            </message>
            <full-stacktrace>
              <![CDATA[java.lang.NullPointerException: Cannot invoke "java.util.Map.get(Object)" because "this.configData" is null
at testcases.pharmacy_testcase.initBrowser(pharmacy_testcase.java:45)
at java.base/jdk.internal.reflect.NativeMethodAccessorImpl.invoke0(Native Method)
at java.base/jdk.internal.reflect.NativeMethodAccessorImpl.invoke(NativeMethodAccessorImpl.java:77)
at java.base/jdk.internal.reflect.DelegatingMethodAccessorImpl.invoke(DelegatingMethodAccessorImpl.java:43)
at java.base/java.lang.reflect.Method.invoke(Method.java:568)
at org.testng.internal.invokers.MethodInvocationHelper.invokeMethod(MethodInvocationHelper.java:139)
at org.testng.internal.invokers.MethodInvocationHelper.invokeMethodConsideringTimeout(MethodInvocationHelper.java:69)
at org.testng.internal.invokers.ConfigInvoker.invokeConfigurationMethod(ConfigInvoker.java:390)
at org.testng.internal.invokers.ConfigInvoker.invokeConfigurations(ConfigInvoker.java:325)
at org.testng.internal.invokers.TestMethodWorker.invokeBeforeClassMethods(TestMethodWorker.java:180)
at org.testng.internal.invokers.TestMethodWorker.run(TestMethodWorker.java:122)
at java.base/java.util.concurrent.ThreadPoolExecutor.runWorker(ThreadPoolExecutor.java:1136)
at java.base/java.util.concurrent.ThreadPoolExecutor$Worker.run(ThreadPoolExecutor.java:635)
at java.base/java.lang.Thread.run(Thread.java:842)
]]>
            </full-stacktrace>
          </exception> <!-- java.lang.NullPointerException -->
          <reporter-output>
          </reporter-output>
        </test-method> <!-- verifyAddedGoodReceipt -->
        <test-method signature="verifyDataIsAsPerAppliedDateFilter()[pri:9, instance:testcases.pharmacy_testcase@1b11ef33]" started-at="2025-10-30T12:02:14 IST" name="verifyDataIsAsPerAppliedDateFilter" description="Pre condition: User should be logged in and it is on Pharmacy section
1. Click on the &quot;From&quot; date
2. Select the &quot;From&quot; date
3. Click on the &quot;To&quot; date
4. Select &quot;To&quot; date
5. Click on &quot;OK&quot; button" finished-at="2025-10-30T12:02:14 IST" duration-ms="1" status="SKIP">
          <exception class="java.lang.NullPointerException">
            <message>
              <![CDATA[Cannot invoke "java.util.Map.get(Object)" because "this.configData" is null]]>
            </message>
            <full-stacktrace>
              <![CDATA[java.lang.NullPointerException: Cannot invoke "java.util.Map.get(Object)" because "this.configData" is null
at testcases.pharmacy_testcase.initBrowser(pharmacy_testcase.java:45)
at java.base/jdk.internal.reflect.NativeMethodAccessorImpl.invoke0(Native Method)
at java.base/jdk.internal.reflect.NativeMethodAccessorImpl.invoke(NativeMethodAccessorImpl.java:77)
at java.base/jdk.internal.reflect.DelegatingMethodAccessorImpl.invoke(DelegatingMethodAccessorImpl.java:43)
at java.base/java.lang.reflect.Method.invoke(Method.java:568)
at org.testng.internal.invokers.MethodInvocationHelper.invokeMethod(MethodInvocationHelper.java:139)
at org.testng.internal.invokers.MethodInvocationHelper.invokeMethodConsideringTimeout(MethodInvocationHelper.java:69)
at org.testng.internal.invokers.ConfigInvoker.invokeConfigurationMethod(ConfigInvoker.java:390)
at org.testng.internal.invokers.ConfigInvoker.invokeConfigurations(ConfigInvoker.java:325)
at org.testng.internal.invokers.TestMethodWorker.invokeBeforeClassMethods(TestMethodWorker.java:180)
at org.testng.internal.invokers.TestMethodWorker.run(TestMethodWorker.java:122)
at java.base/java.util.concurrent.ThreadPoolExecutor.runWorker(ThreadPoolExecutor.java:1136)
at java.base/java.util.concurrent.ThreadPoolExecutor$Worker.run(ThreadPoolExecutor.java:635)
at java.base/java.lang.Thread.run(Thread.java:842)
]]>
            </full-stacktrace>
          </exception> <!-- java.lang.NullPointerException -->
          <reporter-output>
          </reporter-output>
        </test-method> <!-- verifyDataIsAsPerAppliedDateFilter -->
        <test-method is-config="true" signature="tearDown()[pri:0, instance:testcases.pharmacy_testcase@1b11ef33]" started-at="2025-10-30T12:02:14 IST" name="tearDown" finished-at="2025-10-30T12:02:14 IST" duration-ms="0" status="FAIL">
          <exception class="java.lang.NullPointerException">
            <message>
              <![CDATA[Cannot invoke "org.openqa.selenium.WebDriver.quit()" because "this.driver" is null]]>
            </message>
            <full-stacktrace>
              <![CDATA[java.lang.NullPointerException: Cannot invoke "org.openqa.selenium.WebDriver.quit()" because "this.driver" is null
at coreUtilities.testbase.TestBase.browserTearDown(TestBase.java:113)
at testcases.pharmacy_testcase.tearDown(pharmacy_testcase.java:212)
at java.base/jdk.internal.reflect.NativeMethodAccessorImpl.invoke0(Native Method)
at java.base/jdk.internal.reflect.NativeMethodAccessorImpl.invoke(NativeMethodAccessorImpl.java:77)
at java.base/jdk.internal.reflect.DelegatingMethodAccessorImpl.invoke(DelegatingMethodAccessorImpl.java:43)
at java.base/java.lang.reflect.Method.invoke(Method.java:568)
at org.testng.internal.invokers.MethodInvocationHelper.invokeMethod(MethodInvocationHelper.java:139)
at org.testng.internal.invokers.MethodInvocationHelper.invokeMethodConsideringTimeout(MethodInvocationHelper.java:69)
at org.testng.internal.invokers.ConfigInvoker.invokeConfigurationMethod(ConfigInvoker.java:390)
at org.testng.internal.invokers.ConfigInvoker.invokeConfigurations(ConfigInvoker.java:325)
at org.testng.internal.invokers.TestMethodWorker.invokeAfterClassConfigurations(TestMethodWorker.java:229)
at org.testng.internal.invokers.TestMethodWorker.invokeAfterClassMethods(TestMethodWorker.java:215)
at org.testng.internal.invokers.TestMethodWorker.run(TestMethodWorker.java:131)
at java.base/java.util.concurrent.ThreadPoolExecutor.runWorker(ThreadPoolExecutor.java:1136)
at java.base/java.util.concurrent.ThreadPoolExecutor$Worker.run(ThreadPoolExecutor.java:635)
at java.base/java.lang.Thread.run(Thread.java:842)
]]>
            </full-stacktrace>
          </exception> <!-- java.lang.NullPointerException -->
          <reporter-output>
          </reporter-output>
        </test-method> <!-- tearDown -->
      </class> <!-- testcases.pharmacy_testcase -->
    </test> <!-- Test -->
  </suite> <!-- Suite -->
</testng-results>
